<?xml version="1.0" encoding="UTF-8"?>
<testsuite name="CalendarTest" tests="1" skipped="0" failures="0" errors="0" timestamp="2021-04-10T11:31:59" hostname="PCCZARKA" time="0.047">
  <properties/>
  <testcase name="shouldReturnCorrectListOfMeetings()" classname="CalendarTest" time="0.047"/>
  <system-out><![CDATA[]]></system-out>
  <system-err><![CDATA[]]></system-err>
</testsuite>
